Build started 2015-11-27 11:01:27 PM.
     1>Project "C:\Users\Kyle\Desktop\Kyle\School\COMP 371\Project\COMP371\COMP371_hw1\COMP371_hw1.vcxproj" on node 2 (Build target(s)).
     1>ClCompile:
         C:\Program Files (x86)\Microsoft Visual Studio 14.0\VC\bin\CL.exe /c /I..\cimg /I..\glm\gtx /I..\glm\gtc /I..\glm\detail /I..\glm /I..\glfw /I..\glew /ZI /nologo /W3 /WX- /sdl /Od /Oy- /D WIN32 /D _DEBUG /D _CONSOLE /D _UNICODE /D UNICODE /Gm /EHsc /RTC1 /MDd /GS /fp:precise /Zc:wchar_t /Zc:forScope /Zc:inline /Fo"Debug\\" /Fd"Debug\vc140.pdb" /Gd /TP /analyze- /errorReport:prompt COMP371_hw1.cpp
         COMP371_hw1.cpp
     1>c:\users\kyle\desktop\kyle\school\comp 371\project\comp371\comp371_hw1\comp371_hw1.cpp(135): warning C4244: 'initializing': conversion from 'double' to 'float', possible loss of data
     1>c:\users\kyle\desktop\kyle\school\comp 371\project\comp371\comp371_hw1\comp371_hw1.cpp(353): warning C4244: '=': conversion from 'double' to 'float', possible loss of data
     1>c:\users\kyle\desktop\kyle\school\comp 371\project\comp371\comp371_hw1\comp371_hw1.cpp(354): warning C4244: '=': conversion from 'double' to 'float', possible loss of data
     1>c:\users\kyle\desktop\kyle\school\comp 371\project\comp371\comp371_hw1\comp371_hw1.cpp(356): warning C4244: '=': conversion from 'double' to 'float', possible loss of data
     1>c:\users\kyle\desktop\kyle\school\comp 371\project\comp371\comp371_hw1\comp371_hw1.cpp(362): warning C4244: '=': conversion from 'double' to 'int', possible loss of data
     1>c:\users\kyle\desktop\kyle\school\comp 371\project\comp371\comp371_hw1\comp371_hw1.cpp(404): warning C4244: '=': conversion from 'double' to 'float', possible loss of data
     1>c:\users\kyle\desktop\kyle\school\comp 371\project\comp371\comp371_hw1\comp371_hw1.cpp(405): warning C4244: '=': conversion from 'double' to 'float', possible loss of data
     1>c:\users\kyle\desktop\kyle\school\comp 371\project\comp371\comp371_hw1\comp371_hw1.cpp(420): warning C4244: '=': conversion from 'double' to 'float', possible loss of data
     1>c:\users\kyle\desktop\kyle\school\comp 371\project\comp371\comp371_hw1\comp371_hw1.cpp(421): warning C4244: '=': conversion from 'double' to 'float', possible loss of data
     1>c:\users\kyle\desktop\kyle\school\comp 371\project\comp371\comp371_hw1\comp371_hw1.cpp(423): warning C4244: '=': conversion from 'double' to 'float', possible loss of data
     1>c:\users\kyle\desktop\kyle\school\comp 371\project\comp371\comp371_hw1\comp371_hw1.cpp(429): warning C4244: '=': conversion from 'double' to 'int', possible loss of data
     1>c:\users\kyle\desktop\kyle\school\comp 371\project\comp371\comp371_hw1\comp371_hw1.cpp(447): warning C4244: '=': conversion from 'double' to 'float', possible loss of data
     1>c:\users\kyle\desktop\kyle\school\comp 371\project\comp371\comp371_hw1\comp371_hw1.cpp(624): warning C4244: '=': conversion from 'double' to 'float', possible loss of data
     1>c:\users\kyle\desktop\kyle\school\comp 371\project\comp371\comp371_hw1\comp371_hw1.cpp(663): warning C4018: '<': signed/unsigned mismatch
     1>c:\users\kyle\desktop\kyle\school\comp 371\project\comp371\comp371_hw1\comp371_hw1.cpp(765): warning C4244: '-=': conversion from 'double' to 'float', possible loss of data
       Link:
         C:\Program Files (x86)\Microsoft Visual Studio 14.0\VC\bin\link.exe /ERRORREPORT:PROMPT /OUT:"C:\Users\Kyle\Desktop\Kyle\School\COMP 371\Project\COMP371\Debug\COMP371_hw1.exe" /INCREMENTAL /NOLOGO /LIBPATH:..\glfw /LIBPATH:..\glew glew32.lib glu32.lib opengl32.lib glfw3dll.lib kernel32.lib user32.lib gdi32.lib winspool.lib comdlg32.lib advapi32.lib shell32.lib ole32.lib oleaut32.lib uuid.lib odbc32.lib odbccp32.lib /MANIFEST /MANIFESTUAC:"level='asInvoker' uiAccess='false'" /manifest:embed /Debug /PDB:"C:\Users\Kyle\Desktop\Kyle\School\COMP 371\Project\COMP371\Debug\COMP371_hw1.pdb" /SUBSYSTEM:CONSOLE /TLBID:1 /DYNAMICBASE /NXCOMPAT /IMPLIB:"C:\Users\Kyle\Desktop\Kyle\School\COMP 371\Project\COMP371\Debug\COMP371_hw1.lib" /MACHINE:X86 Debug\COMP371_hw1.obj
         Debug\objloader.obj
         Debug\shader.obj
         Debug\stdafx.obj
         Debug\tangentspace.obj
         Debug\texture.obj
         COMP371_hw1.vcxproj -> C:\Users\Kyle\Desktop\Kyle\School\COMP 371\Project\COMP371\Debug\COMP371_hw1.exe
     1>Done Building Project "C:\Users\Kyle\Desktop\Kyle\School\COMP 371\Project\COMP371\COMP371_hw1\COMP371_hw1.vcxproj" (Build target(s)).

Build succeeded.

Time Elapsed 00:00:01.91
